<?xml version="1.0" encoding="UTF-8"?>
<!-- Generated by org.testng.reporters.JUnitXMLReporter -->
<testsuite ignored="0" hostname="DESKTOP-U7NCNIN" failures="0" tests="8" name="Surefire test" time="7.254" errors="0" timestamp="2022-10-10T23:21:46 EET">
  <testcase classname="com.qacart.todo.testcases.UserTests" name="shouldBeAbleToRegister" time="4.598"/>
  <testcase classname="com.qacart.todo.testcases.UserTests" name="shouldNOTBeAbleToLogInWithWrongPass" time="5.375"/>
  <testcase classname="com.qacart.todo.testcases.UserTests" name="shouldNotBeAbleToRegister" time="5.375"/>
  <testcase classname="com.qacart.todo.testcases.UserTests" name="shouldBeAbleToLogIn" time="5.384"/>
  <testcase classname="com.qacart.todo.testcases.TodoTests" name="shouldNOTBeAbleToAddTODOWithoutIsCompleted" time="5.719"/>
  <testcase classname="com.qacart.todo.testcases.TodoTests" name="shouldBeAbleToAddTODO" time="5.748"/>
  <testcase classname="com.qacart.todo.testcases.TodoTests" name="ShouldBeAbleToGetTODOById" time="7.169"/>
  <testcase classname="com.qacart.todo.testcases.TodoTests" name="ShouldBeAbleToDeleteTodo" time="7.169"/>
</testsuite> <!-- Surefire test -->
