<?xml version="1.0" encoding="UTF-8"?>
<testng-results ignored="0" total="8" passed="8" failed="0" skipped="0">
  <reporter-output>
  </reporter-output>
  <suite started-at="2022-10-10T23:21:39 EET" name="Surefire suite" finished-at="2022-10-10T23:21:46 EET" duration-ms="7254">
    <groups>
    </groups>
    <test started-at="2022-10-10T23:21:39 EET" name="Surefire test" finished-at="2022-10-10T23:21:46 EET" duration-ms="7254">
      <class name="com.qacart.todo.testcases.UserTests">
        <test-method signature="shouldBeAbleToRegister()[pri:0, instance:com.qacart.todo.testcases.UserTests@1f97cf0d]" started-at="2022-10-10T23:21:39 EET" name="shouldBeAbleToRegister" finished-at="2022-10-10T23:21:43 EET" duration-ms="4598" status="PASS">
          <reporter-output>
          </reporter-output>
        </test-method> <!-- shouldBeAbleToRegister -->
        <test-method signature="shouldNotBeAbleToRegister()[pri:0, instance:com.qacart.todo.testcases.UserTests@1f97cf0d]" started-at="2022-10-10T23:21:39 EET" name="shouldNotBeAbleToRegister" finished-at="2022-10-10T23:21:44 EET" duration-ms="5375" status="PASS">
          <reporter-output>
          </reporter-output>
        </test-method> <!-- shouldNotBeAbleToRegister -->
        <test-method signature="shouldBeAbleToLogIn()[pri:0, instance:com.qacart.todo.testcases.UserTests@1f97cf0d]" started-at="2022-10-10T23:21:39 EET" name="shouldBeAbleToLogIn" finished-at="2022-10-10T23:21:44 EET" duration-ms="5384" status="PASS">
          <reporter-output>
          </reporter-output>
        </test-method> <!-- shouldBeAbleToLogIn -->
        <test-method signature="shouldNOTBeAbleToLogInWithWrongPass()[pri:0, instance:com.qacart.todo.testcases.UserTests@1f97cf0d]" started-at="2022-10-10T23:21:39 EET" name="shouldNOTBeAbleToLogInWithWrongPass" finished-at="2022-10-10T23:21:44 EET" duration-ms="5375" status="PASS">
          <reporter-output>
          </reporter-output>
        </test-method> <!-- shouldNOTBeAbleToLogInWithWrongPass -->
      </class> <!-- com.qacart.todo.testcases.UserTests -->
      <class name="com.qacart.todo.testcases.TodoTests">
        <test-method signature="shouldBeAbleToAddTODO()[pri:0, instance:com.qacart.todo.testcases.TodoTests@865dd6]" started-at="2022-10-10T23:21:39 EET" name="shouldBeAbleToAddTODO" finished-at="2022-10-10T23:21:44 EET" duration-ms="5748" status="PASS">
          <reporter-output>
          </reporter-output>
        </test-method> <!-- shouldBeAbleToAddTODO -->
        <test-method signature="ShouldBeAbleToGetTODOById()[pri:0, instance:com.qacart.todo.testcases.TodoTests@865dd6]" started-at="2022-10-10T23:21:39 EET" name="ShouldBeAbleToGetTODOById" finished-at="2022-10-10T23:21:46 EET" duration-ms="7169" status="PASS">
          <reporter-output>
          </reporter-output>
        </test-method> <!-- ShouldBeAbleToGetTODOById -->
        <test-method signature="ShouldBeAbleToDeleteTodo()[pri:0, instance:com.qacart.todo.testcases.TodoTests@865dd6]" started-at="2022-10-10T23:21:39 EET" name="ShouldBeAbleToDeleteTodo" finished-at="2022-10-10T23:21:46 EET" duration-ms="7169" status="PASS">
          <reporter-output>
          </reporter-output>
        </test-method> <!-- ShouldBeAbleToDeleteTodo -->
        <test-method signature="shouldNOTBeAbleToAddTODOWithoutIsCompleted()[pri:0, instance:com.qacart.todo.testcases.TodoTests@865dd6]" started-at="2022-10-10T23:21:39 EET" name="shouldNOTBeAbleToAddTODOWithoutIsCompleted" finished-at="2022-10-10T23:21:44 EET" duration-ms="5719" status="PASS">
          <reporter-output>
          </reporter-output>
        </test-method> <!-- shouldNOTBeAbleToAddTODOWithoutIsCompleted -->
      </class> <!-- com.qacart.todo.testcases.TodoTests -->
    </test> <!-- Surefire test -->
  </suite> <!-- Surefire suite -->
</testng-results>
